<?xml version="1.0" encoding="UTF-8"?>
<!-- Generated by org.testng.reporters.JUnitReportReporter -->
<testsuite hostname="CHINAMI-TV5O8C1" failures="0" tests="3" name="hust.cs.javacourse.search.parse.StopWordTermTupleFilterTest" time="0.001" errors="0" timestamp="21 4æœˆ 2023 11:52:47 GMT" skipped="0">
  <testcase classname="hust.cs.javacourse.search.parse.StopWordTermTupleFilterTest" name="testNext" time="0.000"/>
  <testcase classname="hust.cs.javacourse.search.parse.StopWordTermTupleFilterTest" name="testNext" time="0.000"/>
  <testcase classname="hust.cs.javacourse.search.parse.StopWordTermTupleFilterTest" name="testNext" time="0.001"/>
</testsuite> <!-- hust.cs.javacourse.search.parse.StopWordTermTupleFilterTest -->
